<?xml version="1.0" encoding="UTF-8"?>
<testsuite xmlns:xsi="http://www.w3.org/2001/XMLSchema-instance" xsi:noNamespaceSchemaLocation="https://maven.apache.org/surefire/maven-surefire-plugin/xsd/surefire-test-report-3.0.xsd" version="3.0" name="runner.TestRunner" time="4.429" tests="1" errors="0" skipped="0" failures="0">
  <properties>
[...]
</properties>
  <testcase name="Verify user can search a product" classname="This feature is use for testing UI of Retail page" time="3.951">
    <system-out><![CDATA[
@test
Scenario: Verify user can search a product # features/retail.feature:4
  Given User is on retail website          # tek.sdet.framework.steps.RetailSteps.userIsOnRetailWebsite()
  When User search for "pokemon" product   # tek.sdet.framework.steps.RetailSteps.userSearchForProduct(java.lang.String)
  Then The product should be displayed     # tek.sdet.framework.steps.RetailSteps.theProductShouldBeDisplayed()
]]></system-out>
    <system-err><![CDATA[SLF4J: Failed to load class "org.slf4j.impl.StaticLoggerBinder".
SLF4J: Defaulting to no-operation (NOP) logger implementation
SLF4J: See http://www.slf4j.org/codes.html#StaticLoggerBinder for further details.
ERROR StatusLogger Log4j2 could not find a logging implementation. Please add log4j-core to the classpath. Using SimpleLogger to log to the console...
Starting ChromeDriver 110.0.5481.77 (65ed616c6e8ee3fe0ad64fe83796c020644d42af-refs/branch-heads/5481@{#839}) on port 57025
Only local connections are allowed.
Please see https://chromedriver.chromium.org/security-considerations for suggestions on keeping ChromeDriver safe.
ChromeDriver was started successfully.
[1675984467.202][WARNING]: virtual void DevToolsClientImpl::AddListener(DevToolsEventListener *) subscribing a listener to the already connected DevToolsClient. Connection notification will not arrive.
Feb 09, 2023 6:14:27 PM org.openqa.selenium.remote.ProtocolHandshake createSession
INFO: Detected upstream dialect: W3C
Feb 09, 2023 6:14:27 PM org.openqa.selenium.devtools.CdpVersionFinder findNearestMatch
WARNING: Unable to find an exact match for CDP version 110, so returning the closest version found: a no-op implementation
Feb 09, 2023 6:14:27 PM org.openqa.selenium.devtools.CdpVersionFinder findNearestMatch
INFO: Unable to find CDP implementation matching 110.
Feb 09, 2023 6:14:27 PM org.openqa.selenium.chromium.ChromiumDriver lambda$new$3
WARNING: Unable to find version of CDP to use for . You may need to include a dependency on a specific version of the CDP using something similar to `org.seleniumhq.selenium:selenium-devtools-v86:4.4.0` where the version ("v86") matches the version of the chromium-based browser you're using and the version number of the artifact is the same as Selenium's.
Feb 09, 2023 6:14:28 PM tek.sdet.framework.steps.RetailSteps userIsOnRetailWebsite
INFO: user is on retail website
Feb 09, 2023 6:14:28 PM tek.sdet.framework.steps.RetailSteps userIsOnRetailWebsite
INFO: Actual Title React App Equals  ExpectedTitle React App
Feb 09, 2023 6:14:28 PM tek.sdet.framework.steps.RetailSteps userSearchForProduct
INFO: user searched for product pokemon
Feb 09, 2023 6:14:28 PM tek.sdet.framework.steps.RetailSteps theProductShouldBeDisplayed
INFO: the Product is displayed on home page
]]></system-err>
  </testcase>
</testsuite>