<?xml version="1.0" encoding="UTF-8"?>
<testsuite xmlns:xsi="http://www.w3.org/2001/XMLSchema-instance" xsi:noNamespaceSchemaLocation="https://maven.apache.org/surefire/maven-surefire-plugin/xsd/surefire-test-report-3.0.xsd" version="3.0" name="tek.sdet.framework.runner.TestRunner" time="20.471" tests="1" errors="0" skipped="0" failures="0">
  <properties>
[...]
</properties>
  <testcase name="Verify User can write a review on order placed" classname="Retail Order Page" time="19.248">
    <system-out><![CDATA[
@VerifyReview
Scenario: Verify User can write a review on order placed                         # features/retailOrder.feature:33
  Given User is on retail website                                                # tek.sdet.framework.steps.RetailHomeSteps.userIsOnRetailWebsite()
  When User click on Sign in option                                              # tek.sdet.framework.steps.SignInSteps.userClickOnSignInOption()
  And User enter email 'habibena111@hotmail.com' and password 'Ahmed2496$'       # tek.sdet.framework.steps.SignInSteps.userEnterEmailAndPassword(java.lang.String,java.lang.String)
  And User click on login button                                                 # tek.sdet.framework.steps.SignInSteps.userClickOnLoginButton()
  And User should be logged in into Account                                      # tek.sdet.framework.steps.SignInSteps.userShouldBeLoggedInIntoAccount()
  And User click on Orders section                                               # tek.sdet.framework.steps.RetailOrderSteps.user_click_on_orders_section()
  And User click on first order in list                                          # tek.sdet.framework.steps.RetailOrderSteps.user_click_on_first_order_in_list()
  And User click on Review button                                                # tek.sdet.framework.steps.RetailOrderSteps.user_click_on_review_button()
  And User write Review headline  'Best Product' and 'happy'                     # tek.sdet.framework.steps.RetailOrderSteps.user_write_review_headline_and(java.lang.String,java.lang.String)
  And User click Add your Review button                                          # tek.sdet.framework.steps.RetailOrderSteps.user_click_add_your_review_button()
  Then a review message should be displayed ‘Your review was added successfully’ # tek.sdet.framework.steps.RetailOrderSteps.a_review_message_should_be_displayed_your_review_was_added_successfully()
]]></system-out>
    <system-err><![CDATA[SLF4J: No SLF4J providers were found.
SLF4J: Defaulting to no-operation (NOP) logger implementation
SLF4J: See https://www.slf4j.org/codes.html#noProviders for further details.
ERROR StatusLogger Log4j2 could not find a logging implementation. Please add log4j-core to the classpath. Using SimpleLogger to log to the console...
1678823488669	geckodriver	INFO	Listening on 127.0.0.1:44501
1678823489209	mozrunner::runner	INFO	Running command: "/Applications/Firefox.app/Contents/MacOS/firefox-bin" "--marionette" "--remote-debugging-port" "17539" "--r ... /[::1]:17539/" "-foreground" "-no-remote" "-profile" "/var/folders/hy/806t40rx7w343xblz25klkc00000gn/T/rust_mozprofilezZqWEA"
console.warn: services.settings: Ignoring preference override of remote settings server
console.warn: services.settings: Allow by setting MOZ_REMOTE_SETTINGS_DEVTOOLS=1 in the environment
1678823490127	Marionette	INFO	Marionette enabled
1678823490278	Marionette	INFO	Listening on port 55336
Read port: 55336
console.error: "Warning: unrecognized command line flag -remote-allow-hosts\n"
console.error: "Warning: unrecognized command line flag -remote-allow-origins\n"
2023-03-14 15:51:30.399 plugin-container[26840:2103762] nil host used in call to allowsSpecificHTTPSCertificateForHost
2023-03-14 15:51:30.400 plugin-container[26840:2103762] nil host used in call to allowsAnyHTTPSCertificateForHost:
2023-03-14 15:51:30.410 plugin-container[26840:2103762] nil host used in call to allowsSpecificHTTPSCertificateForHost
2023-03-14 15:51:30.410 plugin-container[26840:2103762] nil host used in call to allowsAnyHTTPSCertificateForHost:
2023-03-14 15:51:30.413 plugin-container[26840:2103760] nil host used in call to allowsSpecificHTTPSCertificateForHost
2023-03-14 15:51:30.413 plugin-container[26840:2103760] nil host used in call to allowsAnyHTTPSCertificateForHost:
WebDriver BiDi listening on ws://127.0.0.1:17539
1678823490923	RemoteAgent	WARN	TLS certificate errors will be ignored for this session
console.warn: SearchSettings: "get: No settings file exists, new profile?" (new NotFoundError("Could not open the file at /var/folders/hy/806t40rx7w343xblz25klkc00000gn/T/rust_mozprofilezZqWEA/search.json.mozlz4", (void 0)))
DevTools listening on ws://127.0.0.1:17539/devtools/browser/e04b4d30-8eb4-4c6a-8a71-b81474c9eead
Mar 14, 2023 3:51:35 PM tek.sdet.framework.steps.RetailHomeSteps userIsOnRetailWebsite
INFO: user is on retail website
Mar 14, 2023 3:51:35 PM tek.sdet.framework.steps.RetailHomeSteps userIsOnRetailWebsite
INFO: Actual Title React App Equals  ExpectedTitle React App
Mar 14, 2023 3:51:36 PM tek.sdet.framework.steps.SignInSteps userClickOnSignInOption
INFO: User clicked on Sign in Option
Mar 14, 2023 3:51:36 PM tek.sdet.framework.steps.SignInSteps userEnterEmailAndPassword
INFO: user entered email habibena111@hotmail.com and password Ahmed2496$
console.warn: LoginRecipes: "Falling back to a synchronous message for: https://tek-retail-ui.azurewebsites.net."
Mar 14, 2023 3:51:37 PM tek.sdet.framework.steps.SignInSteps userClickOnLoginButton
INFO: user clicked on login button
console.warn: LoginRecipes: "Falling back to a synchronous message for: https://tek-retail-ui.azurewebsites.net."
Mar 14, 2023 3:51:44 PM tek.sdet.framework.steps.RetailOrderSteps a_review_message_should_be_displayed_your_review_was_added_successfully
INFO: Your review was added successfully
1678823505183	RemoteAgent	INFO	Perform WebSocket upgrade for incoming connection from 127.0.0.1:55388
1678823505188	CDP	ERROR	Invalid browser preferences for CDP. Set "fission.webContentIsolationStrategy"to 0 and "fission.bfcacheInParent" to false before Firefox starts.
1678823505237	Marionette	INFO	Stopped listening on port 55336
]]></system-err>
  </testcase>
</testsuite>