<?xml version="1.0" encoding="UTF-8"?>
<testsuite xmlns:xsi="http://www.w3.org/2001/XMLSchema-instance" xsi:noNamespaceSchemaLocation="https://maven.apache.org/surefire/maven-surefire-plugin/xsd/surefire-test-report-3.0.xsd" version="3.0" name="tek.sdet.framework.runner.TestRunner" time="0.358" tests="1" errors="1" skipped="0" failures="0">
  <properties>
[...]
</properties>
  <testcase name="initializationError" classname="tek.sdet.framework.runner.TestRunner" time="0.008">
    <error message="Failed to parse resource at: classpath:features/RetailHome.feature&#10;(41:3): expected: #TagLine, #FeatureLine, #Comment, #Empty, got &apos;Scenario: Verify User can place an order without Shipping address and payment Method on file&apos;&#10;(42:5): expected: #TagLine, #FeatureLine, #Comment, #Empty, got &apos;Given User is on retail website&apos;&#10;(43:5): expected: #TagLine, #FeatureLine, #Comment, #Empty, got &apos;When User click on Sign in option&apos;&#10;(44:5): expected: #TagLine, #FeatureLine, #Comment, #Empty, got &apos;And User enter email &apos;EmailValue&apos; and password &apos;PasswordValue&apos; And User click on login button&apos;&#10;(45:5): expected: #TagLine, #FeatureLine, #Comment, #Empty, got &apos;And User should be logged in into Account&apos;&#10;(46:5): expected: #TagLine, #FeatureLine, #Comment, #Empty, got &apos;And User change the category to &apos;Smart Home&apos;&apos;&#10;(47:5): expected: #TagLine, #FeatureLine, #Comment, #Empty, got &apos;And User search for an item &apos;kasa outdoor smart plug&apos;&apos;&#10;(48:5): expected: #TagLine, #FeatureLine, #Comment, #Empty, got &apos;And User click on Search icon&apos;&#10;(49:5): expected: #TagLine, #FeatureLine, #Comment, #Empty, got &apos;And User click on item&apos;&#10;(50:5): expected: #TagLine, #FeatureLine, #Comment, #Empty, got &apos;And User select quantity ‘2’&apos;&#10;(51:5): expected: #TagLine, #FeatureLine, #Comment, #Empty, got &apos;And User click add to Cart button&apos;" type="io.cucumber.core.gherkin.FeatureParserException"><![CDATA[io.cucumber.core.gherkin.FeatureParserException: 
Failed to parse resource at: classpath:features/RetailHome.feature
(41:3): expected: #TagLine, #FeatureLine, #Comment, #Empty, got 'Scenario: Verify User can place an order without Shipping address and payment Method on file'
(42:5): expected: #TagLine, #FeatureLine, #Comment, #Empty, got 'Given User is on retail website'
(43:5): expected: #TagLine, #FeatureLine, #Comment, #Empty, got 'When User click on Sign in option'
(44:5): expected: #TagLine, #FeatureLine, #Comment, #Empty, got 'And User enter email 'EmailValue' and password 'PasswordValue' And User click on login button'
(45:5): expected: #TagLine, #FeatureLine, #Comment, #Empty, got 'And User should be logged in into Account'
(46:5): expected: #TagLine, #FeatureLine, #Comment, #Empty, got 'And User change the category to 'Smart Home''
(47:5): expected: #TagLine, #FeatureLine, #Comment, #Empty, got 'And User search for an item 'kasa outdoor smart plug''
(48:5): expected: #TagLine, #FeatureLine, #Comment, #Empty, got 'And User click on Search icon'
(49:5): expected: #TagLine, #FeatureLine, #Comment, #Empty, got 'And User click on item'
(50:5): expected: #TagLine, #FeatureLine, #Comment, #Empty, got 'And User select quantity ‘2’'
(51:5): expected: #TagLine, #FeatureLine, #Comment, #Empty, got 'And User click add to Cart button'
	at io.cucumber.core.gherkin.messages.GherkinMessagesFeatureParser.parse(GherkinMessagesFeatureParser.java:43)
	at io.cucumber.core.feature.FeatureParser.parseResource(FeatureParser.java:45)
	at java.base/java.util.function.BiFunction.lambda$andThen$0(BiFunction.java:70)
	at io.cucumber.core.resource.ResourceScanner.lambda$processResource$1(ResourceScanner.java:79)
	at io.cucumber.core.resource.PathScanner$ResourceFileVisitor.visitFile(PathScanner.java:75)
	at io.cucumber.core.resource.PathScanner$ResourceFileVisitor.visitFile(PathScanner.java:60)
	at java.base/java.nio.file.Files.walkFileTree(Files.java:2811)
	at io.cucumber.core.resource.PathScanner.findResourcesForPath(PathScanner.java:53)
	at io.cucumber.core.resource.PathScanner.findResourcesForUri(PathScanner.java:31)
	at io.cucumber.core.resource.ResourceScanner.findResourcesForUri(ResourceScanner.java:61)
	at io.cucumber.core.resource.ResourceScanner.lambda$findResourcesForUris$3(ResourceScanner.java:104)
	at java.base/java.util.stream.ReferencePipeline$3$1.accept(ReferencePipeline.java:197)
	at java.base/java.util.ArrayList$ArrayListSpliterator.forEachRemaining(ArrayList.java:1625)
	at java.base/java.util.stream.AbstractPipeline.copyInto(AbstractPipeline.java:509)
	at java.base/java.util.stream.AbstractPipeline.wrapAndCopyInto(AbstractPipeline.java:499)
	at java.base/java.util.stream.ReduceOps$ReduceOp.evaluateSequential(ReduceOps.java:921)
	at java.base/java.util.stream.AbstractPipeline.evaluate(AbstractPipeline.java:234)
	at java.base/java.util.stream.ReferencePipeline.collect(ReferencePipeline.java:682)
	at io.cucumber.core.resource.ResourceScanner.findResourcesForUris(ResourceScanner.java:107)
	at io.cucumber.core.resource.ResourceScanner.scanForClasspathResource(ResourceScanner.java:115)
	at io.cucumber.core.resource.ResourceScanner.scanForResourcesUri(ResourceScanner.java:131)
	at io.cucumber.core.runtime.FeaturePathFeatureSupplier.loadFeatures(FeaturePathFeatureSupplier.java:62)
	at io.cucumber.core.runtime.FeaturePathFeatureSupplier.get(FeaturePathFeatureSupplier.java:45)
	at io.cucumber.junit.Cucumber.<init>(Cucumber.java:156)
	at java.base/jdk.internal.reflect.NativeConstructorAccessorImpl.newInstance0(Native Method)
	at java.base/jdk.internal.reflect.NativeConstructorAccessorImpl.newInstance(NativeConstructorAccessorImpl.java:77)
	at java.base/jdk.internal.reflect.DelegatingConstructorAccessorImpl.newInstance(DelegatingConstructorAccessorImpl.java:45)
	at java.base/java.lang.reflect.Constructor.newInstanceWithCaller(Constructor.java:499)
	at java.base/java.lang.reflect.Constructor.newInstance(Constructor.java:480)
	at org.junit.internal.builders.AnnotatedBuilder.buildRunner(AnnotatedBuilder.java:104)
	at org.junit.internal.builders.AnnotatedBuilder.runnerForClass(AnnotatedBuilder.java:86)
	at org.junit.runners.model.RunnerBuilder.safeRunnerForClass(RunnerBuilder.java:70)
	at org.junit.internal.builders.AllDefaultPossibilitiesBuilder.runnerForClass(AllDefaultPossibilitiesBuilder.java:37)
	at org.junit.runners.model.RunnerBuilder.safeRunnerForClass(RunnerBuilder.java:70)
	at org.junit.internal.requests.ClassRequest.createRunner(ClassRequest.java:28)
	at org.junit.internal.requests.MemoizingRequest.getRunner(MemoizingRequest.java:19)
	at org.apache.maven.surefire.junit4.JUnit4Provider.execute(JUnit4Provider.java:374)
	at org.apache.maven.surefire.junit4.JUnit4Provider.executeWithRerun(JUnit4Provider.java:284)
	at org.apache.maven.surefire.junit4.JUnit4Provider.executeTestSet(JUnit4Provider.java:248)
	at org.apache.maven.surefire.junit4.JUnit4Provider.invoke(JUnit4Provider.java:167)
	at org.apache.maven.surefire.booter.ForkedBooter.runSuitesInProcess(ForkedBooter.java:456)
	at org.apache.maven.surefire.booter.ForkedBooter.execute(ForkedBooter.java:169)
	at org.apache.maven.surefire.booter.ForkedBooter.run(ForkedBooter.java:595)
	at org.apache.maven.surefire.booter.ForkedBooter.main(ForkedBooter.java:581)
]]></error>
  </testcase>
</testsuite>